[2025-12-29T15:40:52.826Z] [Check-in] User ID: 4, Raw: "OFFICE_CHECK_2025", Trimmed: "OFFICE_CHECK_2025", Expected: "OFFICE_CHECK_2025"
[2025-12-29T15:40:52.836Z] [Check-in] User ID: 4, Raw: "OFFICE_CHECK_2025", Trimmed: "OFFICE_CHECK_2025", Expected: "OFFICE_CHECK_2025"
[2025-12-29T15:42:56.403Z] [Check-out] User ID: 4, Raw: "OFFICE_CHECK_2025", Trimmed: "OFFICE_CHECK_2025", Expected: "OFFICE_CHECK_2025"
[2025-12-29T16:18:21.966Z] [Check-in] User ID: 5, Raw: "OFFICE_CHECK_2025", Trimmed: "OFFICE_CHECK_2025", Expected: "OFFICE_CHECK_2025"
[2025-12-29T20:02:58.826Z] [Check-out] User ID: 5, Raw: "OFFICE_CHECK_2025", Trimmed: "OFFICE_CHECK_2025", Expected: "OFFICE_CHECK_2025"
[2025-12-29T20:03:42.486Z] [Check-in] User ID: 4, Raw: "OFFICE_CHECK_2025", Trimmed: "OFFICE_CHECK_2025", Expected: "OFFICE_CHECK_2025"
[2025-12-29T20:15:45.411Z] [Check-out] User ID: 4, Raw: "https://lightburnsoftware.com/collections/merchandise/products/swag-pack", Trimmed: "https://lightburnsoftware.com/collections/merchandise/products/swag-pack", Expected: "OFFICE_CHECK_2025"
[2025-12-29T20:15:45.412Z] [Check-out] Validation failed for user 4
[2025-12-29T20:16:15.060Z] [Check-out] User ID: 4, Raw: "http://fr.wikipedia.org/", Trimmed: "http://fr.wikipedia.org/", Expected: "OFFICE_CHECK_2025"
[2025-12-29T20:16:15.062Z] [Check-out] Validation failed for user 4
[2025-12-29T20:16:15.072Z] [Check-out] User ID: 4, Raw: "https://prooftag.net/", Trimmed: "https://prooftag.net/", Expected: "OFFICE_CHECK_2025"
[2025-12-29T20:16:15.073Z] [Check-out] Validation failed for user 4
[2025-12-29T20:16:52.068Z] [Check-out] User ID: 4, Raw: "http://fr.wikipedia.org/", Trimmed: "http://fr.wikipedia.org/", Expected: "OFFICE_CHECK_2025"
[2025-12-29T20:16:52.069Z] [Check-out] Validation failed for user 4
[2025-12-29T20:16:52.089Z] [Check-out] User ID: 4, Raw: "http://fr.wikipedia.org/", Trimmed: "http://fr.wikipedia.org/", Expected: "OFFICE_CHECK_2025"
[2025-12-29T20:16:52.089Z] [Check-out] Validation failed for user 4
[2025-12-29T20:23:30.315Z] [Check-out] User ID: 4, Raw: "http://fr.wikipedia.org/", Trimmed: "http://fr.wikipedia.org/", Expected: "OFFICE_CHECK_2025"
[2025-12-29T20:23:30.317Z] [Check-out] Validation failed for user 4
[2025-12-29T20:24:00.308Z] [Check-out] User ID: 4, Raw: "OFFICE_CHECK_2025", Trimmed: "OFFICE_CHECK_2025", Expected: "OFFICE_CHECK_2025"
[2025-12-29T20:24:00.314Z] [Check-out] User ID: 4, Raw: "http://fr.wikipedia.org/", Trimmed: "http://fr.wikipedia.org/", Expected: "OFFICE_CHECK_2025"
[2025-12-29T20:24:00.315Z] [Check-out] Validation failed for user 4
[2025-12-29T20:24:30.320Z] [Check-in] User ID: 4, Raw: "OFFICE_CHECK_2025", Trimmed: "OFFICE_CHECK_2025", Expected: "OFFICE_CHECK_2025"
[2025-12-29T20:24:30.332Z] [Check-in] User ID: 4, Raw: "OFFICE_CHECK_2025", Trimmed: "OFFICE_CHECK_2025", Expected: "OFFICE_CHECK_2025"
[2025-12-29T20:25:00.288Z] [Check-out] User ID: 4, Raw: "OFFICE_CHECK_2025", Trimmed: "OFFICE_CHECK_2025", Expected: "OFFICE_CHECK_2025"
[2025-12-29T20:25:00.329Z] [Check-out] User ID: 4, Raw: "OFFICE_CHECK_2025", Trimmed: "OFFICE_CHECK_2025", Expected: "OFFICE_CHECK_2025"
[2025-12-29T20:25:00.335Z] [Check-out] User ID: 4, Raw: "OFFICE_CHECK_2025", Trimmed: "OFFICE_CHECK_2025", Expected: "OFFICE_CHECK_2025"
[2025-12-29T20:25:30.387Z] [Check-in] User ID: 4, Raw: "OFFICE_CHECK_2025", Trimmed: "OFFICE_CHECK_2025", Expected: "OFFICE_CHECK_2025"
[2025-12-29T20:36:00.354Z] [Check-out] User ID: 4, Raw: "OFFICE_CHECK_2025", Trimmed: "OFFICE_CHECK_2025", Expected: "OFFICE_CHECK_2025"
[2025-12-29T20:36:30.574Z] [Check-in] User ID: 4, Raw: "OFFICE_CHECK_2025", Trimmed: "OFFICE_CHECK_2025", Expected: "OFFICE_CHECK_2025"
[2025-12-29T20:37:00.352Z] [Check-out] User ID: 4, Raw: "OFFICE_CHECK_2025", Trimmed: "OFFICE_CHECK_2025", Expected: "OFFICE_CHECK_2025"
[2025-12-29T20:37:00.381Z] [Check-out] User ID: 4, Raw: "OFFICE_CHECK_2025", Trimmed: "OFFICE_CHECK_2025", Expected: "OFFICE_CHECK_2025"
[2026-01-01T21:54:15.597Z] [Check-in] User ID: 4, Raw: "OFFICE_CHECK_2025", Trimmed: "OFFICE_CHECK_2025", Expected: "OFFICE_CHECK_2025"
[2026-01-01T21:55:01.009Z] [Check-in] User ID: 5, Raw: "OFFICE_CHECK_2025", Trimmed: "OFFICE_CHECK_2025", Expected: "OFFICE_CHECK_2025"
[2026-01-01T21:55:31.079Z] [Check-out] User ID: 5, Raw: "OFFICE_CHECK_2025", Trimmed: "OFFICE_CHECK_2025", Expected: "OFFICE_CHECK_2025"
[2026-01-01T21:56:01.402Z] [Check-in] User ID: 5, Raw: "OFFICE_CHECK_2025", Trimmed: "OFFICE_CHECK_2025", Expected: "OFFICE_CHECK_2025"
[2026-01-01T21:56:01.427Z] [Check-in] User ID: 5, Raw: "OFFICE_CHECK_2025", Trimmed: "OFFICE_CHECK_2025", Expected: "OFFICE_CHECK_2025"
[2026-01-01T21:56:01.467Z] [Check-in] User ID: 5, Raw: "OFFICE_CHECK_2025", Trimmed: "OFFICE_CHECK_2025", Expected: "OFFICE_CHECK_2025"
[2026-01-01T21:56:31.006Z] [Check-out] User ID: 5, Raw: "OFFICE_CHECK_2025", Trimmed: "OFFICE_CHECK_2025", Expected: "OFFICE_CHECK_2025"
[2026-01-01T22:10:49.044Z] [Check-in] User ID: 5, Raw: "OFFICE_CHECK_2025", Trimmed: "OFFICE_CHECK_2025", Expected: "OFFICE_CHECK_2025"
[2026-01-01T22:11:19.028Z] [Check-out] User ID: 5, Raw: "OFFICE_CHECK_2025", Trimmed: "OFFICE_CHECK_2025", Expected: "OFFICE_CHECK_2025"
[2026-01-01T22:11:19.033Z] [Check-out] User ID: 5, Raw: "OFFICE_CHECK_2025", Trimmed: "OFFICE_CHECK_2025", Expected: "OFFICE_CHECK_2025"
[2026-01-01T22:31:59.619Z] [Check-in] User ID: 5, Raw: "OFFICE_CHECK_2025", Trimmed: "OFFICE_CHECK_2025", Expected: "OFFICE_CHECK_2025"
[2026-01-01T22:31:59.702Z] [Check-in] User ID: 5, Raw: "OFFICE_CHECK_2025", Trimmed: "OFFICE_CHECK_2025", Expected: "OFFICE_CHECK_2025"
[2026-01-01T22:31:59.733Z] [Check-in] User ID: 5, Raw: "OFFICE_CHECK_2025", Trimmed: "OFFICE_CHECK_2025", Expected: "OFFICE_CHECK_2025"
[2026-01-02T20:10:15.750Z] [Check-out] User ID: 5, Raw: "OFFICE_CHECK_2025", Trimmed: "OFFICE_CHECK_2025", Expected: "OFFICE_CHECK_2025"
[2026-01-02T20:10:15.758Z] [Check-out] User ID: 5, Raw: "OFFICE_CHECK_2025", Trimmed: "OFFICE_CHECK_2025", Expected: "OFFICE_CHECK_2025"
[2026-01-02T20:10:45.670Z] [Check-in] User ID: 4, Raw: "OFFICE_CHECK_2025", Trimmed: "OFFICE_CHECK_2025", Expected: "OFFICE_CHECK_2025"
[2026-01-03T10:42:52.427Z] [Check-in] User ID: 4, Raw: "OFFICE_CHECK_2025", Trimmed: "OFFICE_CHECK_2025", Expected: "OFFICE_CHECK_2025"
[2026-01-03T11:43:31.697Z] [Check-out] User ID: 4, Raw: "OFFICE_CHECK_2025", Trimmed: "OFFICE_CHECK_2025", Expected: "OFFICE_CHECK_2025"
[2026-01-03T12:00:27.429Z] [Check-in] User ID: 4, Raw: "OFFICE_CHECK_2025", Trimmed: "OFFICE_CHECK_2025", Expected: "OFFICE_CHECK_2025"
[2026-01-03T12:02:34.571Z] [Check-out] User ID: 4, Raw: "OFFICE_CHECK_2025", Trimmed: "OFFICE_CHECK_2025", Expected: "OFFICE_CHECK_2025"
[2026-01-03T12:03:35.508Z] [Check-in] User ID: 4, Raw: "OFFICE_CHECK_2025", Trimmed: "OFFICE_CHECK_2025", Expected: "OFFICE_CHECK_2025"
[2026-01-03T12:04:05.565Z] [Check-out] User ID: 4, Raw: "OFFICE_CHECK_2025", Trimmed: "OFFICE_CHECK_2025", Expected: "OFFICE_CHECK_2025"
[2026-01-03T17:35:11.958Z] [Check-in] User ID: 4, Raw: "OFFICE_CHECK_2025", Trimmed: "OFFICE_CHECK_2025", Expected: "OFFICE_CHECK_2025"
[2026-01-03T17:35:40.969Z] [Check-out] User ID: 4, Raw: "OFFICE_CHECK_2025", Trimmed: "OFFICE_CHECK_2025", Expected: "OFFICE_CHECK_2025"
[2026-01-03T17:35:40.978Z] [Check-out] User ID: 4, Raw: "OFFICE_CHECK_2025", Trimmed: "OFFICE_CHECK_2025", Expected: "OFFICE_CHECK_2025"
[2026-01-06T00:15:06.895Z] [Check-out] User ID: 4, Raw: "OFFICE_CHECK_2025", Trimmed: "OFFICE_CHECK_2025", Expected: "OFFICE_CHECK_2025"
[2026-01-06T00:17:12.898Z] [Check-out] User ID: 4, Raw: "OFFICE_CHECK_2025", Trimmed: "OFFICE_CHECK_2025", Expected: "OFFICE_CHECK_2025"
[2026-01-06T00:30:19.108Z] [Check-in] User ID: 4, Raw: "OFFICE_CHECK_2025", Trimmed: "OFFICE_CHECK_2025", Expected: "OFFICE_CHECK_2025"
[2026-01-06T00:33:37.307Z] [Check-out] User ID: 4, Raw: "OFFICE_CHECK_2025", Trimmed: "OFFICE_CHECK_2025", Expected: "OFFICE_CHECK_2025"
[2026-01-06T00:34:08.234Z] [Check-in] User ID: 4, Raw: "OFFICE_CHECK_2025", Trimmed: "OFFICE_CHECK_2025", Expected: "OFFICE_CHECK_2025"
[2026-01-06T00:34:36.913Z] [Check-out] User ID: 4, Raw: "OFFICE_CHECK_2025", Trimmed: "OFFICE_CHECK_2025", Expected: "OFFICE_CHECK_2025"
[2026-01-06T09:43:28.526Z] [Check-in] User ID: 4, Raw: "OFFICE_CHECK_2025", Trimmed: "OFFICE_CHECK_2025", Expected: "OFFICE_CHECK_2025"
[2026-01-06T13:54:58.008Z] [Check-out] User ID: 4, Raw: "OFFICE_CHECK_2025", Trimmed: "OFFICE_CHECK_2025", Expected: "OFFICE_CHECK_2025"
[2026-01-06T14:00:22.709Z] [Check-in] User ID: 4, Raw: "OFFICE_CHECK_2025", Trimmed: "OFFICE_CHECK_2025", Expected: "OFFICE_CHECK_2025"
[2026-01-06T14:00:52.579Z] [Check-out] User ID: 4, Raw: "OFFICE_CHECK_2025", Trimmed: "OFFICE_CHECK_2025", Expected: "OFFICE_CHECK_2025"
[2026-01-06T14:00:52.593Z] [Check-out] User ID: 4, Raw: "OFFICE_CHECK_2025", Trimmed: "OFFICE_CHECK_2025", Expected: "OFFICE_CHECK_2025"
